Using SSH key ssh-rsa 2048 c8:3d:d0:a9:9e:bb:70:33:fe:40:cc:54:a8:11:22:14

Using SSH key ssh-rsa 2048 c8:3d:d0:a9:9e:bb:70:33:fe:40:cc:54:a8:11:22:14 (2)

Using SSH key ssh-rsa 2048 c8:3d:d0:a9:9e:bb:70:33:fe:40:cc:54:a8:11:22:14 (3)

Using SSH key ssh-rsa 2048 c8:3d:d0:a9:9e:bb:70:33:fe:40:cc:54:a8:11:22:14 (4)

Using SSH key ssh-rsa 2048 ea:c0:ab:6b:1b:b0:eb:ee:9a:06:8a:e9:4c:71:85:6f

Using SSH key ssh-rsa 2048 ea:c0:ab:6b:1b:b0:eb:ee:9a:06:8a:e9:4c:71:85:6f (2)

Using SSH key ssh-rsa 2048 ea:c0:ab:6b:1b:b0:eb:ee:9a:06:8a:e9:4c:71:85:6f (3)

Using SSH key ssh-rsa 2048 ea:c0:ab:6b:1b:b0:eb:ee:9a:06:8a:e9:4c:71:85:6f (4)

Using SSH key ssh-rsa 2048 00:ee:94:5a:73:83:f5:bd:95:bb:9f:b2:7d:e8:1a:6d

Using SSH key ssh-rsa 2048 00:ee:94:5a:73:83:f5:bd:95:bb:9f:b2:7d:e8:1a:6d (2)

Using SSH key ssh-rsa 2048 00:ee:94:5a:73:83:f5:bd:95:bb:9f:b2:7d:e8:1a:6d (3)

Using SSH key ssh-rsa 2048 00:ee:94:5a:73:83:f5:bd:95:bb:9f:b2:7d:e8:1a:6d (4)

Using SSH key ssh-rsa 2048 36:ce:f0:4f:78:3b:af:04:89:49:ef:91:c6:98:24:e8

Using SSH key ssh-rsa 2048 36:ce:f0:4f:78:3b:af:04:89:49:ef:91:c6:98:24:e8 (2)

Using SSH key ssh-rsa 2048 36:ce:f0:4f:78:3b:af:04:89:49:ef:91:c6:98:24:e8 (3)

Using SSH key ssh-rsa 2048 36:ce:f0:4f:78:3b:af:04:89:49:ef:91:c6:98:24:e8 (4)

Using SSH key ssh-rsa 2048 21:a0:70:2e:a4:60:4c:0c:7a:ae:df:f9:12:40:c9:c0

Using SSH key ssh-rsa 2048 21:a0:70:2e:a4:60:4c:0c:7a:ae:df:f9:12:40:c9:c0 (2)

Using SSH key ssh-rsa 2048 21:a0:70:2e:a4:60:4c:0c:7a:ae:df:f9:12:40:c9:c0 (3)

Using SSH key ssh-rsa 2048 21:a0:70:2e:a4:60:4c:0c:7a:ae:df:f9:12:40:c9:c0 (4)

No more authentication methods.